<?xml version="1.0" encoding="UTF-8"?>
<!-- Generated by org.testng.reporters.JUnitReportReporter -->
<testsuite hostname="DESKTOP-K656H58" failures="0" tests="1" name="test.folder.page.AmazonTest" time="14.237" errors="0" timestamp="2024-02-13T15:45:26 EET" skipped="0">
  <testcase classname="test.folder.page.AmazonTest" name="amazonTest" time="14.237"/>
</testsuite> <!-- test.folder.page.AmazonTest -->
